This file contains any messages produced by compilers while
running configure, to aid debugging if configure makes a mistake.

It was created by bin/LDBlockShow configure 1.25, which was
generated by GNU Autoconf 2.63.  Invocation command line was

  $ ./configure --no-create --no-recursion

## --------- ##
## Platform. ##
## --------- ##

hostname = cngb-ologin-25.cngb.sz.hpc
uname -m = x86_64
uname -r = 2.6.32-696.30.1.el6.x86_64
uname -s = Linux
uname -v = #1 SMP Tue May 22 03:28:18 UTC 2018

/usr/bin/uname -p = unknown
/bin/uname -X     = unknown

/bin/arch              = x86_64
/usr/bin/arch -k       = unknown
/usr/convex/getsysinfo = unknown
/usr/bin/hostinfo      = unknown
/bin/machine           = unknown
/usr/bin/oslevel       = unknown
/bin/universe          = unknown

PATH: /usr/lib64/qt-3.3/bin
PATH: /usr/local/bin
PATH: /bin
PATH: /usr/bin
PATH: /usr/local/sbin
PATH: /usr/sbin
PATH: /sbin
PATH: /opt/bio/ncbi/bin
PATH: /opt/bio/mpiblast/bin
PATH: /opt/bio/EMBOSS/bin
PATH: /opt/bio/clustalw/bin
PATH: /opt/bio/tcoffee/bin
PATH: /opt/bio/hmmer/bin
PATH: /opt/bio/phylip/exe
PATH: /opt/bio/mrbayes
PATH: /opt/bio/fasta
PATH: /opt/bio/glimmer/bin
PATH: /opt/bio/glimmer/scripts
PATH: /opt/bio/gromacs/bin
PATH: /opt/bio/gmap/bin
PATH: /opt/bio/tigr/bin
PATH: /opt/bio/autodocksuite/bin
PATH: /opt/bio/wgs/bin
PATH: /opt/ganglia/bin
PATH: /opt/ganglia/sbin
PATH: /opt/rocks/bin
PATH: /opt/rocks/sbin
PATH: /opt/gridengine/bin/lx-amd64


## ----------- ##
## Core tests. ##
## ----------- ##

configure:1886: checking for a BSD-compatible install
configure:1954: result: /usr/bin/install -c
configure:1965: checking whether build environment is sane
configure:2025: result: yes
configure:2166: checking for a thread-safe mkdir -p
configure:2205: result: /bin/mkdir -p
configure:2218: checking for gawk
configure:2234: found /bin/gawk
configure:2245: result: gawk
configure:2256: checking whether make sets $(MAKE)
configure:2278: result: yes
configure:2368: checking for gawk
configure:2395: result: gawk
configure:2464: checking for g++
configure:2480: found /usr/bin/g++
configure:2491: result: g++
configure:2518: checking for C++ compiler version
configure:2526: g++ --version >&5
g++ (GCC) 4.4.7 20120313 (Red Hat 4.4.7-18)
Copyright (C) 2010 Free Software Foundation, Inc.
This is free software; see the source for copying conditions.  There is NO
warranty; not even for MERCHANTABILITY or FITNESS FOR A PARTICULAR PURPOSE.

configure:2530: $? = 0
configure:2537: g++ -v >&5
Using built-in specs.
Target: x86_64-redhat-linux
Configured with: ../configure --prefix=/usr --mandir=/usr/share/man --infodir=/usr/share/info --with-bugurl=http://bugzilla.redhat.com/bugzilla --enable-bootstrap --enable-shared --enable-threads=posix --enable-checking=release --with-system-zlib --enable-__cxa_atexit --disable-libunwind-exceptions --enable-gnu-unique-object --enable-languages=c,c++,objc,obj-c++,java,fortran,ada --enable-java-awt=gtk --disable-dssi --with-java-home=/usr/lib/jvm/java-1.5.0-gcj-1.5.0.0/jre --enable-libgcj-multifile --enable-java-maintainer-mode --with-ecj-jar=/usr/share/java/eclipse-ecj.jar --disable-libjava-multilib --with-ppl --with-cloog --with-tune=generic --with-arch_32=i686 --build=x86_64-redhat-linux
Thread model: posix
gcc version 4.4.7 20120313 (Red Hat 4.4.7-18) (GCC) 
configure:2541: $? = 0
configure:2548: g++ -V >&5
g++: '-V' option must have argument
configure:2552: $? = 1
configure:2575: checking for C++ compiler default output file name
configure:2597: g++    conftest.cpp  >&5
configure:2601: $? = 0
configure:2639: result: a.out
configure:2658: checking whether the C++ compiler works
configure:2668: ./a.out
configure:2672: $? = 0
configure:2691: result: yes
configure:2698: checking whether we are cross compiling
configure:2700: result: no
configure:2703: checking for suffix of executables
configure:2710: g++ -o conftest    conftest.cpp  >&5
configure:2714: $? = 0
configure:2740: result: 
configure:2746: checking for suffix of object files
configure:2772: g++ -c   conftest.cpp >&5
configure:2776: $? = 0
configure:2801: result: o
configure:2805: checking whether we are using the GNU C++ compiler
configure:2834: g++ -c   conftest.cpp >&5
configure:2841: $? = 0
configure:2858: result: yes
configure:2867: checking whether g++ accepts -g
configure:2897: g++ -c -g  conftest.cpp >&5
configure:2904: $? = 0
configure:3005: result: yes
configure:3039: checking for style of include used by make
configure:3067: result: GNU
configure:3092: checking dependency style of g++
configure:3202: result: gcc3
configure:3271: checking for gcc
configure:3287: found /usr/bin/gcc
configure:3298: result: gcc
configure:3332: checking for C compiler version
configure:3340: gcc --version >&5
gcc (GCC) 4.4.7 20120313 (Red Hat 4.4.7-18)
Copyright (C) 2010 Free Software Foundation, Inc.
This is free software; see the source for copying conditions.  There is NO
warranty; not even for MERCHANTABILITY or FITNESS FOR A PARTICULAR PURPOSE.

configure:3344: $? = 0
configure:3351: gcc -v >&5
Using built-in specs.
Target: x86_64-redhat-linux
Configured with: ../configure --prefix=/usr --mandir=/usr/share/man --infodir=/usr/share/info --with-bugurl=http://bugzilla.redhat.com/bugzilla --enable-bootstrap --enable-shared --enable-threads=posix --enable-checking=release --with-system-zlib --enable-__cxa_atexit --disable-libunwind-exceptions --enable-gnu-unique-object --enable-languages=c,c++,objc,obj-c++,java,fortran,ada --enable-java-awt=gtk --disable-dssi --with-java-home=/usr/lib/jvm/java-1.5.0-gcj-1.5.0.0/jre --enable-libgcj-multifile --enable-java-maintainer-mode --with-ecj-jar=/usr/share/java/eclipse-ecj.jar --disable-libjava-multilib --with-ppl --with-cloog --with-tune=generic --with-arch_32=i686 --build=x86_64-redhat-linux
Thread model: posix
gcc version 4.4.7 20120313 (Red Hat 4.4.7-18) (GCC) 
configure:3355: $? = 0
configure:3362: gcc -V >&5
gcc: '-V' option must have argument
configure:3366: $? = 1
configure:3369: checking whether we are using the GNU C compiler
configure:3398: gcc -c   conftest.c >&5
configure:3405: $? = 0
configure:3422: result: yes
configure:3431: checking whether gcc accepts -g
configure:3461: gcc -c -g  conftest.c >&5
configure:3468: $? = 0
configure:3569: result: yes
configure:3586: checking for gcc option to accept ISO C89
configure:3660: gcc  -c -g -O2  conftest.c >&5
configure:3667: $? = 0
configure:3690: result: none needed
configure:3710: checking dependency style of gcc
configure:3820: result: gcc3
configure:3840: checking how to run the C preprocessor
configure:3880: gcc -E  conftest.c
configure:3887: $? = 0
configure:3918: gcc -E  conftest.c
conftest.c:10:28: error: ac_nonexistent.h: No such file or directory
configure:3925: $? = 1
configure: failed program was:
| /* confdefs.h.  */
| #define PACKAGE_NAME "bin/LDBlockShow"
| #define PACKAGE_TARNAME "bin-ldblockshow"
| #define PACKAGE_VERSION "1.25"
| #define PACKAGE_STRING "bin/LDBlockShow 1.25"
| #define PACKAGE_BUGREPORT "hewm2008@gmail.com"
| #define PACKAGE "bin/LDBlockShow"
| #define VERSION "1.25"
| /* end confdefs.h.  */
| #include <ac_nonexistent.h>
configure:3958: result: gcc -E
configure:3987: gcc -E  conftest.c
configure:3994: $? = 0
configure:4025: gcc -E  conftest.c
conftest.c:10:28: error: ac_nonexistent.h: No such file or directory
configure:4032: $? = 1
configure: failed program was:
| /* confdefs.h.  */
| #define PACKAGE_NAME "bin/LDBlockShow"
| #define PACKAGE_TARNAME "bin-ldblockshow"
| #define PACKAGE_VERSION "1.25"
| #define PACKAGE_STRING "bin/LDBlockShow 1.25"
| #define PACKAGE_BUGREPORT "hewm2008@gmail.com"
| #define PACKAGE "bin/LDBlockShow"
| #define VERSION "1.25"
| /* end confdefs.h.  */
| #include <ac_nonexistent.h>
configure:4071: checking whether ln -s works
configure:4075: result: yes
configure:4082: checking whether make sets $(MAKE)
configure:4104: result: yes
configure:4156: checking for ranlib
configure:4172: found /usr/bin/ranlib
configure:4183: result: ranlib
configure:4210: checking for main in -lz
configure:4239: gcc -o conftest -g -O2   conftest.c -lz   >&5
configure:4246: $? = 0
configure:4267: result: yes
configure:4286: checking for grep that handles long lines and -e
configure:4346: result: /bin/grep
configure:4351: checking for egrep
configure:4415: result: /bin/grep -E
configure:4420: checking for ANSI C header files
configure:4450: gcc -c -g -O2  conftest.c >&5
configure:4457: $? = 0
configure:4556: gcc -o conftest -g -O2   conftest.c -lz  >&5
configure:4560: $? = 0
configure:4566: ./conftest
configure:4570: $? = 0
configure:4588: result: yes
configure:4612: checking for sys/types.h
configure:4633: gcc -c -g -O2  conftest.c >&5
configure:4640: $? = 0
configure:4657: result: yes
configure:4612: checking for sys/stat.h
configure:4633: gcc -c -g -O2  conftest.c >&5
configure:4640: $? = 0
configure:4657: result: yes
configure:4612: checking for stdlib.h
configure:4633: gcc -c -g -O2  conftest.c >&5
configure:4640: $? = 0
configure:4657: result: yes
configure:4612: checking for string.h
configure:4633: gcc -c -g -O2  conftest.c >&5
configure:4640: $? = 0
configure:4657: result: yes
configure:4612: checking for memory.h
configure:4633: gcc -c -g -O2  conftest.c >&5
configure:4640: $? = 0
configure:4657: result: yes
configure:4612: checking for strings.h
configure:4633: gcc -c -g -O2  conftest.c >&5
configure:4640: $? = 0
configure:4657: result: yes
configure:4612: checking for inttypes.h
configure:4633: gcc -c -g -O2  conftest.c >&5
configure:4640: $? = 0
configure:4657: result: yes
configure:4612: checking for stdint.h
configure:4633: gcc -c -g -O2  conftest.c >&5
configure:4640: $? = 0
configure:4657: result: yes
configure:4612: checking for unistd.h
configure:4633: gcc -c -g -O2  conftest.c >&5
configure:4640: $? = 0
configure:4657: result: yes
configure:4687: checking zlib.h usability
configure:4704: gcc -c -g -O2  conftest.c >&5
configure:4711: $? = 0
configure:4725: result: yes
configure:4729: checking zlib.h presence
configure:4744: gcc -E  conftest.c
configure:4751: $? = 0
configure:4765: result: yes
configure:4798: checking for zlib.h
configure:4807: result: yes
configure:4842: checking math.h usability
configure:4859: gcc -c -g -O2  conftest.c >&5
configure:4866: $? = 0
configure:4880: result: yes
configure:4884: checking math.h presence
configure:4899: gcc -E  conftest.c
configure:4906: $? = 0
configure:4920: result: yes
configure:4953: checking for math.h
configure:4962: result: yes
configure:5000: checking for stdlib.h
configure:5007: result: yes
configure:5146: checking for GNU libc compatible malloc
configure:5180: gcc -o conftest -g -O2   conftest.c -lz  >&5
configure:5184: $? = 0
configure:5190: ./conftest
configure:5194: $? = 0
configure:5211: result: yes
configure:5244: checking for stdlib.h
configure:5251: result: yes
configure:5390: checking for GNU libc compatible realloc
configure:5424: gcc -o conftest -g -O2   conftest.c -lz  >&5
configure:5428: $? = 0
configure:5434: ./conftest
configure:5438: $? = 0
configure:5455: result: yes
configure:5492: checking for memset
configure:5548: gcc -o conftest -g -O2   conftest.c -lz  >&5
conftest.c:50: warning: conflicting types for built-in function 'memset'
configure:5555: $? = 0
configure:5577: result: yes
configure:5492: checking for regcomp
configure:5548: gcc -o conftest -g -O2   conftest.c -lz  >&5
configure:5555: $? = 0
configure:5577: result: yes
configure:5492: checking for sqrt
configure:5548: gcc -o conftest -g -O2   conftest.c -lz  >&5
conftest.c:52: warning: conflicting types for built-in function 'sqrt'
/tmp/ccdNHB8V.o: In function `main':
/zfssz5/BC_PS/heweiming/02.AD-hewmBin/LDBlockShow-1.25/conftest.c:63: undefined reference to `sqrt'
collect2: ld returned 1 exit status
configure:5555: $? = 1
configure: failed program was:
| /* confdefs.h.  */
| #define PACKAGE_NAME "bin/LDBlockShow"
| #define PACKAGE_TARNAME "bin-ldblockshow"
| #define PACKAGE_VERSION "1.25"
| #define PACKAGE_STRING "bin/LDBlockShow 1.25"
| #define PACKAGE_BUGREPORT "hewm2008@gmail.com"
| #define PACKAGE "bin/LDBlockShow"
| #define VERSION "1.25"
| #define HAVE_LIBZ 1
| #define STDC_HEADERS 1
| #define HAVE_SYS_TYPES_H 1
| #define HAVE_SYS_STAT_H 1
| #define HAVE_STDLIB_H 1
| #define HAVE_STRING_H 1
| #define HAVE_MEMORY_H 1
| #define HAVE_STRINGS_H 1
| #define HAVE_INTTYPES_H 1
| #define HAVE_STDINT_H 1
| #define HAVE_UNISTD_H 1
| #define HAVE_ZLIB_H 1
| #define HAVE_MATH_H 1
| #define HAVE_STDLIB_H 1
| #define HAVE_MALLOC 1
| #define HAVE_STDLIB_H 1
| #define HAVE_REALLOC 1
| #define HAVE_MEMSET 1
| #define HAVE_REGCOMP 1
| /* end confdefs.h.  */
| /* Define sqrt to an innocuous variant, in case <limits.h> declares sqrt.
|    For example, HP-UX 11i <limits.h> declares gettimeofday.  */
| #define sqrt innocuous_sqrt
| 
| /* System header to define __stub macros and hopefully few prototypes,
|     which can conflict with char sqrt (); below.
|     Prefer <limits.h> to <assert.h> if __STDC__ is defined, since
|     <limits.h> exists even on freestanding compilers.  */
| 
| #ifdef __STDC__
| # include <limits.h>
| #else
| # include <assert.h>
| #endif
| 
| #undef sqrt
| 
| /* Override any GCC internal prototype to avoid an error.
|    Use char because int might match the return type of a GCC
|    builtin and then its argument prototype would still apply.  */
| #ifdef __cplusplus
| extern "C"
| #endif
| char sqrt ();
| /* The GNU C library defines this for functions which it implements
|     to always fail with ENOSYS.  Some functions are actually named
|     something starting with __ and the normal name is an alias.  */
| #if defined __stub_sqrt || defined __stub___sqrt
| choke me
| #endif
| 
| int
| main ()
| {
| return sqrt ();
|   ;
|   return 0;
| }
configure:5577: result: no
configure:5492: checking for strdup
configure:5548: gcc -o conftest -g -O2   conftest.c -lz  >&5
conftest.c:52: warning: conflicting types for built-in function 'strdup'
configure:5555: $? = 0
configure:5577: result: yes
configure:5492: checking for strncasecmp
configure:5548: gcc -o conftest -g -O2   conftest.c -lz  >&5
conftest.c:53: warning: conflicting types for built-in function 'strncasecmp'
configure:5555: $? = 0
configure:5577: result: yes
configure:5492: checking for strtol
configure:5548: gcc -o conftest -g -O2   conftest.c -lz  >&5
configure:5555: $? = 0
configure:5577: result: yes
configure:5726: creating ./config.status

## ---------------- ##
## Cache variables. ##
## ---------------- ##

ac_cv_c_compiler_gnu=yes
ac_cv_cxx_compiler_gnu=yes
ac_cv_env_CCC_set=
ac_cv_env_CCC_value=
ac_cv_env_CC_set=
ac_cv_env_CC_value=
ac_cv_env_CFLAGS_set=
ac_cv_env_CFLAGS_value=
ac_cv_env_CPPFLAGS_set=
ac_cv_env_CPPFLAGS_value=
ac_cv_env_CPP_set=
ac_cv_env_CPP_value=
ac_cv_env_CXXFLAGS_set=
ac_cv_env_CXXFLAGS_value=
ac_cv_env_CXX_set=
ac_cv_env_CXX_value=
ac_cv_env_LDFLAGS_set=
ac_cv_env_LDFLAGS_value=
ac_cv_env_LIBS_set=
ac_cv_env_LIBS_value=
ac_cv_env_build_alias_set=
ac_cv_env_build_alias_value=
ac_cv_env_host_alias_set=
ac_cv_env_host_alias_value=
ac_cv_env_target_alias_set=
ac_cv_env_target_alias_value=
ac_cv_func_malloc_0_nonnull=yes
ac_cv_func_memset=yes
ac_cv_func_realloc_0_nonnull=yes
ac_cv_func_regcomp=yes
ac_cv_func_sqrt=no
ac_cv_func_strdup=yes
ac_cv_func_strncasecmp=yes
ac_cv_func_strtol=yes
ac_cv_header_inttypes_h=yes
ac_cv_header_math_h=yes
ac_cv_header_memory_h=yes
ac_cv_header_stdc=yes
ac_cv_header_stdint_h=yes
ac_cv_header_stdlib_h=yes
ac_cv_header_string_h=yes
ac_cv_header_strings_h=yes
ac_cv_header_sys_stat_h=yes
ac_cv_header_sys_types_h=yes
ac_cv_header_unistd_h=yes
ac_cv_header_zlib_h=yes
ac_cv_lib_z_main=yes
ac_cv_objext=o
ac_cv_path_EGREP='/bin/grep -E'
ac_cv_path_GREP=/bin/grep
ac_cv_path_install='/usr/bin/install -c'
ac_cv_path_mkdir=/bin/mkdir
ac_cv_prog_AWK=gawk
ac_cv_prog_CPP='gcc -E'
ac_cv_prog_ac_ct_CC=gcc
ac_cv_prog_ac_ct_CXX=g++
ac_cv_prog_ac_ct_RANLIB=ranlib
ac_cv_prog_cc_c89=
ac_cv_prog_cc_g=yes
ac_cv_prog_cxx_g=yes
ac_cv_prog_make_make_set=yes
am_cv_CC_dependencies_compiler_type=gcc3
am_cv_CXX_dependencies_compiler_type=gcc3

## ----------------- ##
## Output variables. ##
## ----------------- ##

ACLOCAL='${SHELL} /zfssz5/BC_PS/heweiming/02.AD-hewmBin/LDBlockShow-1.25/missing --run aclocal-1.11'
AMDEPBACKSLASH='\'
AMDEP_FALSE='#'
AMDEP_TRUE=''
AMTAR='${SHELL} /zfssz5/BC_PS/heweiming/02.AD-hewmBin/LDBlockShow-1.25/missing --run tar'
AUTOCONF='${SHELL} /zfssz5/BC_PS/heweiming/02.AD-hewmBin/LDBlockShow-1.25/missing --run autoconf'
AUTOHEADER='${SHELL} /zfssz5/BC_PS/heweiming/02.AD-hewmBin/LDBlockShow-1.25/missing --run autoheader'
AUTOMAKE='${SHELL} /zfssz5/BC_PS/heweiming/02.AD-hewmBin/LDBlockShow-1.25/missing --run automake-1.11'
AWK='gawk'
CC='gcc'
CCDEPMODE='depmode=gcc3'
CFLAGS='-g -O2'
CPP='gcc -E'
CPPFLAGS=''
CXX='g++'
CXXDEPMODE='depmode=gcc3'
CXXFLAGS='-g -O2'
CYGPATH_W='echo'
DEFS='-DHAVE_CONFIG_H'
DEPDIR='.deps'
ECHO_C=''
ECHO_N='-n'
ECHO_T=''
EGREP='/bin/grep -E'
EXEEXT=''
GREP='/bin/grep'
INSTALL_DATA='${INSTALL} -m 644'
INSTALL_PROGRAM='${INSTALL}'
INSTALL_SCRIPT='${INSTALL}'
INSTALL_STRIP_PROGRAM='$(install_sh) -c -s'
LDFLAGS=''
LIBOBJS=''
LIBS='-lz '
LN_S='ln -s'
LTLIBOBJS=''
MAKEINFO='${SHELL} /zfssz5/BC_PS/heweiming/02.AD-hewmBin/LDBlockShow-1.25/missing --run makeinfo'
MKDIR_P='/bin/mkdir -p'
OBJEXT='o'
PACKAGE='bin/LDBlockShow'
PACKAGE_BUGREPORT='hewm2008@gmail.com'
PACKAGE_NAME='bin/LDBlockShow'
PACKAGE_STRING='bin/LDBlockShow 1.25'
PACKAGE_TARNAME='bin-ldblockshow'
PACKAGE_VERSION='1.25'
PATH_SEPARATOR=':'
RANLIB='ranlib'
SET_MAKE=''
SHELL='/bin/sh'
STRIP=''
VERSION='1.25'
ac_ct_CC='gcc'
ac_ct_CXX='g++'
am__EXEEXT_FALSE=''
am__EXEEXT_TRUE='#'
am__fastdepCC_FALSE='#'
am__fastdepCC_TRUE=''
am__fastdepCXX_FALSE='#'
am__fastdepCXX_TRUE=''
am__include='include'
am__isrc=''
am__leading_dot='.'
am__quote=''
am__tar='${AMTAR} chof - "$$tardir"'
am__untar='${AMTAR} xf -'
bindir='${exec_prefix}/bin'
build_alias=''
datadir='${datarootdir}'
datarootdir='${prefix}/share'
docdir='${datarootdir}/doc/${PACKAGE_TARNAME}'
dvidir='${docdir}'
exec_prefix='${prefix}'
host_alias=''
htmldir='${docdir}'
includedir='${prefix}/include'
infodir='${datarootdir}/info'
install_sh='${SHELL} /zfssz5/BC_PS/heweiming/02.AD-hewmBin/LDBlockShow-1.25/install-sh'
libdir='${exec_prefix}/lib'
libexecdir='${exec_prefix}/libexec'
localedir='${datarootdir}/locale'
localstatedir='${prefix}/var'
mandir='${datarootdir}/man'
mkdir_p='/bin/mkdir -p'
oldincludedir='/usr/include'
pdfdir='${docdir}'
prefix='/usr/local'
program_transform_name='s,x,x,'
psdir='${docdir}'
sbindir='${exec_prefix}/sbin'
sharedstatedir='${prefix}/com'
sysconfdir='${prefix}/etc'
target_alias=''

## ----------- ##
## confdefs.h. ##
## ----------- ##

#define PACKAGE_NAME "bin/LDBlockShow"
#define PACKAGE_TARNAME "bin-ldblockshow"
#define PACKAGE_VERSION "1.25"
#define PACKAGE_STRING "bin/LDBlockShow 1.25"
#define PACKAGE_BUGREPORT "hewm2008@gmail.com"
#define PACKAGE "bin/LDBlockShow"
#define VERSION "1.25"
#define HAVE_LIBZ 1
#define STDC_HEADERS 1
#define HAVE_SYS_TYPES_H 1
#define HAVE_SYS_STAT_H 1
#define HAVE_STDLIB_H 1
#define HAVE_STRING_H 1
#define HAVE_MEMORY_H 1
#define HAVE_STRINGS_H 1
#define HAVE_INTTYPES_H 1
#define HAVE_STDINT_H 1
#define HAVE_UNISTD_H 1
#define HAVE_ZLIB_H 1
#define HAVE_MATH_H 1
#define HAVE_STDLIB_H 1
#define HAVE_MALLOC 1
#define HAVE_STDLIB_H 1
#define HAVE_REALLOC 1
#define HAVE_MEMSET 1
#define HAVE_REGCOMP 1
#define HAVE_STRDUP 1
#define HAVE_STRNCASECMP 1
#define HAVE_STRTOL 1

configure: exit 0

## ---------------------- ##
## Running config.status. ##
## ---------------------- ##

This file was extended by bin/LDBlockShow config.status 1.25, which was
generated by GNU Autoconf 2.63.  Invocation command line was

  CONFIG_FILES    = 
  CONFIG_HEADERS  = 
  CONFIG_LINKS    = 
  CONFIG_COMMANDS = 
  $ ./config.status 

on cngb-ologin-25.cngb.sz.hpc

config.status:791: creating Makefile
config.status:791: creating config.h
config.status:1013: config.h is unchanged
config.status:1065: executing depfiles commands
